#
# There is insufficient memory for the Java Runtime Environment to continue.
# Native memory allocation (malloc) failed to allocate 800368 bytes for Chunk::new
# Possible reasons:
#   The system is out of physical RAM or swap space
#   In 32 bit mode, the process size limit was hit
# Possible solutions:
#   Reduce memory load on the system
#   Increase physical memory or swap space
#   Check if swap backing store is full
#   Use 64 bit Java on a 64 bit OS
#   Decrease Java heap size (-Xmx/-Xms)
#   Decrease number of Java threads
#   Decrease Java thread stack sizes (-Xss)
#   Set larger code cache with -XX:ReservedCodeCacheSize=
# This output file may be truncated or incomplete.
#
#  Out of Memory Error (allocation.cpp:390), pid=3336, tid=0x0000000000000fcc
#
# JRE version: OpenJDK Runtime Environment (8.0_152-b01) (build 1.8.0_152-release-1343-b01)
# Java VM: OpenJDK 64-Bit Server VM (25.152-b01 mixed mode windows-amd64 compressed oops)
# Failed to write core dump. Minidumps are not enabled by default on client versions of Windows
#

---------------  T H R E A D  ---------------

Current thread (0x0000000056516000):  JavaThread "C2 CompilerThread0" daemon [_thread_in_native, id=4044, stack(0x0000000057c10000,0x0000000057d10000)]

Stack: [0x0000000057c10000,0x0000000057d10000]
[error occurred during error reporting (printing stack bounds), id 0xc0000005]

Native frames: (J=compiled Java code, j=interpreted, Vv=VM code, C=native code)


Current CompileTask:
C2:1628086 30539       4       com.android.tools.r8.ir.optimize.PeepholeOptimizer::removeRedundantInstructions (335 bytes)


---------------  P R O C E S S  ---------------

Java Threads: ( => current thread )
  0x000000005cb89000 JavaThread "Cache worker for Java compile cache (E:\Android Project\BasicScience\.gradle\5.1.1\javaCompile)" [_thread_blocked, id=3108, stack(0x00000000689d0000,0x0000000068ad0000)]
  0x000000005ad26800 JavaThread "Cache worker for execution history cache (E:\Android Project\BasicScience\.gradle\5.1.1\executionHistory)" [_thread_blocked, id=1592, stack(0x0000000069780000,0x0000000069880000)]
  0x000000005ad24800 JavaThread "Execution worker for ':' Thread 3" [_thread_in_Java, id=2164, stack(0x0000000069250000,0x0000000069350000)]
  0x000000005ad21800 JavaThread "Execution worker for ':' Thread 2" [_thread_in_Java, id=4212, stack(0x0000000068ad0000,0x0000000068bd0000)]
  0x000000005ad23800 JavaThread "Execution worker for ':'" [_thread_in_Java, id=2364, stack(0x00000000681b0000,0x00000000682b0000)]
  0x000000005ad26000 JavaThread "Cache worker for file content cache (E:\Android Project\BasicScience\.gradle\5.1.1\fileContent)" [_thread_blocked, id=280, stack(0x0000000066220000,0x0000000066320000)]
  0x000000005ad23000 JavaThread "Cache worker for Build Output Cleanup Cache (E:\Android Project\BasicScience\.gradle\buildOutputCleanup)" [_thread_blocked, id=4284, stack(0x00000000660e0000,0x00000000661e0000)]
  0x0000000058a15000 JavaThread "Build operations Thread 4" [_thread_blocked, id=4548, stack(0x0000000061660000,0x0000000061760000)]
  0x0000000058a1f800 JavaThread "Build operations Thread 3" [_thread_blocked, id=4948, stack(0x0000000060d50000,0x0000000060e50000)]
  0x0000000058a1e000 JavaThread "Build operations Thread 2" [_thread_blocked, id=4924, stack(0x0000000060450000,0x0000000060550000)]
  0x0000000058a18800 JavaThread "Build operations" [_thread_blocked, id=4864, stack(0x0000000060970000,0x0000000060a70000)]
  0x0000000058a1b800 JavaThread "Cache worker for cache directory md-rule (C:\Users\patel\.gradle\caches\5.1.1\md-rule)" [_thread_blocked, id=4156, stack(0x00000000602c0000,0x00000000603c0000)]
  0x0000000058a12800 JavaThread "Cache worker for cache directory md-supplier (C:\Users\patel\.gradle\caches\5.1.1\md-supplier)" [_thread_blocked, id=2884, stack(0x000000005f4f0000,0x000000005f5f0000)]
  0x0000000058a1c800 JavaThread "Cache worker for file hash cache (E:\Android Project\BasicScience\.gradle\5.1.1\fileHashes)" [_thread_blocked, id=4552, stack(0x000000005b3b0000,0x000000005b4b0000)]
  0x0000000065581800 JavaThread "Thread-129" [_thread_blocked, id=1224, stack(0x000000005d640000,0x000000005d740000)]
  0x000000006557d000 JavaThread "Asynchronous log dispatcher for DefaultDaemonConnection: socket connection from /127.0.0.1:50178 to /127.0.0.1:50253" [_thread_blocked, id=1116, stack(0x000000005bd90000,0x000000005be90000)]
  0x000000006557f800 JavaThread "Cancel handler" [_thread_blocked, id=2044, stack(0x000000005bfa0000,0x000000005c0a0000)]
  0x0000000065580000 JavaThread "Handler for socket connection from /127.0.0.1:50178 to /127.0.0.1:50253" [_thread_in_native, id=2256, stack(0x000000005c1f0000,0x000000005c2f0000)]
  0x000000005cb86800 JavaThread "Cache worker for Java compile cache (C:\Users\patel\.gradle\caches\5.1.1\javaCompile)" [_thread_blocked, id=3180, stack(0x000000006c0a0000,0x000000006c1a0000)]
  0x0000000058a1d000 JavaThread "Daemon worker Thread 4" [_thread_in_Java, id=1108, stack(0x000000005f1b0000,0x000000005f2b0000)]
  0x0000000058a16800 JavaThread "Daemon Thread 4" [_thread_blocked, id=508, stack(0x000000005b7a0000,0x000000005b8a0000)]
  0x000000006557c800 JavaThread "MarlinRenderer Disposer" daemon [_thread_blocked, id=1780, stack(0x00000000684a0000,0x00000000685a0000)]
  0x000000006557b800 JavaThread "Java2D Disposer" daemon [_thread_blocked, id=3764, stack(0x0000000068320000,0x0000000068420000)]
  0x000000005cb88000 JavaThread "Cache worker for file content cache (C:\Users\patel\.gradle\caches\5.1.1\fileContent)" [_thread_blocked, id=480, stack(0x0000000060f30000,0x0000000061030000)]
  0x0000000058a21000 JavaThread "Memory manager" [_thread_blocked, id=2136, stack(0x000000005b9c0000,0x000000005bac0000)]
  0x0000000058a18000 JavaThread "Cache worker for execution history cache (C:\Users\patel\.gradle\caches\5.1.1\executionHistory)" [_thread_blocked, id=4900, stack(0x000000005f3a0000,0x000000005f4a0000)]
  0x0000000058a12000 JavaThread "Cache worker for journal cache (C:\Users\patel\.gradle\caches\journal-1)" [_thread_blocked, id=4460, stack(0x000000005c330000,0x000000005c430000)]
  0x0000000058a22000 JavaThread "File lock request listener" [_thread_in_native, id=4184, stack(0x000000005c0a0000,0x000000005c1a0000)]
  0x0000000059ffa000 JavaThread "Cache worker for file hash cache (C:\Users\patel\.gradle\caches\5.1.1\fileHashes)" [_thread_blocked, id=4384, stack(0x000000005bea0000,0x000000005bfa0000)]
  0x0000000059401800 JavaThread "Daemon periodic checks" [_thread_blocked, id=4180, stack(0x0000000058110000,0x0000000058210000)]
  0x000000005957e800 JavaThread "Incoming local TCP Connector on port 50178" [_thread_in_native, id=3540, stack(0x000000005b290000,0x000000005b390000)]
  0x0000000057d73800 JavaThread "Service Thread" daemon [_thread_blocked, id=4372, stack(0x0000000057ad0000,0x0000000057bd0000)]
  0x0000000057d12000 JavaThread "C1 CompilerThread2" daemon [_thread_blocked, id=4952, stack(0x0000000058400000,0x0000000058500000)]
  0x0000000057d11000 JavaThread "C2 CompilerThread1" daemon [_thread_in_native, id=3492, stack(0x0000000058240000,0x0000000058340000)]
=>0x0000000056516000 JavaThread "C2 CompilerThread0" daemon [_thread_in_native, id=4044, stack(0x0000000057c10000,0x0000000057d10000)]
  0x0000000056512800 JavaThread "Attach Listener" daemon [_thread_blocked, id=3720, stack(0x0000000057750000,0x0000000057850000)]
  0x000000005650f000 JavaThread "Signal Dispatcher" daemon [_thread_blocked, id=2808, stack(0x0000000057990000,0x0000000057a90000)]
  0x00000000564f7800 JavaThread "Finalizer" daemon [_thread_blocked, id=4872, stack(0x0000000057850000,0x0000000057950000)]
  0x00000000564b0800 JavaThread "Reference Handler" daemon [_thread_blocked, id=3344, stack(0x00000000574b0000,0x00000000575b0000)]
  0x000000000062e800 JavaThread "main" [_thread_blocked, id=2876, stack(0x0000000002580000,0x0000000002680000)]

Other Threads:
  0x00000000564a9000 VMThread [stack: 0x00000000575c0000,0x00000000576c0000] [id=868]
  0x0000000057d7f000 WatcherThread [stack: 0x0000000058510000,0x0000000058610000] [id=3016]

VM state:not at safepoint (normal execution)

VM Mutex/Monitor currently owned by a thread: None

Heap:
 PSYoungGen      total 458752K, used 244730K [0x00000000e0000000, 0x00000000fff00000, 0x0000000100000000)
  eden space 400896K, 61% used [0x00000000e0000000,0x00000000eeefeae0,0x00000000f8780000)
  from space 57856K, 0% used [0x00000000f8780000,0x00000000f8780000,0x00000000fc000000)
  to   space 58368K, 0% used [0x00000000fc600000,0x00000000fc600000,0x00000000fff00000)
 ParOldGen       total 211968K, used 124359K [0x00000000a0000000, 0x00000000acf00000, 0x00000000e0000000)
  object space 211968K, 58% used [0x00000000a0000000,0x00000000a7971d50,0x00000000acf00000)
 Metaspace       used 124961K, capacity 129662K, committed 131968K, reserved 1165312K
  class space    used 15166K, capacity 16074K, committed 16512K, reserved 1048576K

Card table byte_map: [0x0000000011d10000,0x0000000012020000] byte_map_base: 0x0000000011810000

Marking Bits: (ParMarkBitMap*) 0x000000006a045aa0
 Begin Bits: [0x0000000012820000, 0x0000000014020000)
 End Bits:   [0x0000000014020000, 0x0000000015820000)

Polling page: 0x0000000000130000

CodeCache: size=245760Kb used=83941Kb max_used=86731Kb free=161818Kb
 bounds [0x0000000002950000, 0x0000000007e80000, 0x0000000011950000]
 total_blobs=23821 nmethods=22796 adapters=935
 compilation: enabled

Compilation events (10 events):
Event: 1627.649 Thread 0x0000000057d12000 30626       1       com.android.tools.r8.ir.code.NewInstance::asNewInstance (2 bytes)
Event: 1627.650 Thread 0x0000000057d12000 nmethod 30626 0x0000000007352b50 code [0x0000000007352ca0, 0x0000000007352db0]
Event: 1627.669 Thread 0x0000000057d12000 30627       1       com.android.tools.r8.ir.analysis.type.ArrayTypeLatticeElement::asArrayTypeLatticeElement (2 bytes)
Event: 1627.669 Thread 0x0000000057d12000 nmethod 30627 0x0000000007504890 code [0x00000000075049e0, 0x0000000007504af0]
Event: 1627.672 Thread 0x0000000057d12000 30628       3       com.android.tools.r8.ir.regalloc.LinearScanRegisterAllocator::removeSpillAndPhiMoves (76 bytes)
Event: 1627.674 Thread 0x0000000057d12000 nmethod 30628 0x00000000072cf550 code [0x00000000072cf7e0, 0x00000000072d08d8]
Event: 1627.677 Thread 0x0000000057d12000 30629       3       com.android.tools.r8.it.unimi.dsi.fastutil.ints.Int2ReferenceOpenHashMap::shiftKeys (115 bytes)
Event: 1627.678 Thread 0x0000000057d12000 nmethod 30629 0x00000000056d3e50 code [0x00000000056d4000, 0x00000000056d4750]
Event: 1627.688 Thread 0x0000000057d12000 30630       2       com.android.tools.r8.graph.DexProgramClass::setInitialClassFileVersion (32 bytes)
Event: 1627.689 Thread 0x0000000057d12000 nmethod 30630 0x0000000003f0aad0 code [0x0000000003f0ac20, 0x0000000003f0ad70]

GC Heap History (10 events):
Event: 1597.018 GC heap before
{Heap before GC invocations=49 (full 5):
 PSYoungGen      total 459264K, used 406097K [0x00000000e0000000, 0x00000000fff00000, 0x0000000100000000)
  eden space 397312K, 100% used [0x00000000e0000000,0x00000000f8400000,0x00000000f8400000)
  from space 61952K, 14% used [0x00000000f8400000,0x00000000f8c947d0,0x00000000fc080000)
  to   space 62976K, 0% used [0x00000000fc180000,0x00000000fc180000,0x00000000fff00000)
 ParOldGen       total 177664K, used 149238K [0x00000000a0000000, 0x00000000aad80000, 0x00000000e0000000)
  object space 177664K, 84% used [0x00000000a0000000,0x00000000a91bdb00,0x00000000aad80000)
 Metaspace       used 126402K, capacity 131694K, committed 131968K, reserved 1165312K
  class space    used 15413K, capacity 16451K, committed 16512K, reserved 1048576K
Event: 1597.031 GC heap after
Heap after GC invocations=49 (full 5):
 PSYoungGen      total 460800K, used 11297K [0x00000000e0000000, 0x0000000100000000, 0x0000000100000000)
  eden space 397824K, 0% used [0x00000000e0000000,0x00000000e0000000,0x00000000f8480000)
  from space 62976K, 17% used [0x00000000fc180000,0x00000000fcc88548,0x00000000fff00000)
  to   space 62464K, 0% used [0x00000000f8480000,0x00000000f8480000,0x00000000fc180000)
 ParOldGen       total 177664K, used 152712K [0x00000000a0000000, 0x00000000aad80000, 0x00000000e0000000)
  object space 177664K, 85% used [0x00000000a0000000,0x00000000a95221a8,0x00000000aad80000)
 Metaspace       used 126402K, capacity 131694K, committed 131968K, reserved 1165312K
  class space    used 15413K, capacity 16451K, committed 16512K, reserved 1048576K
}
Event: 1598.490 GC heap before
{Heap before GC invocations=50 (full 5):
 PSYoungGen      total 460800K, used 409121K [0x00000000e0000000, 0x0000000100000000, 0x0000000100000000)
  eden space 397824K, 100% used [0x00000000e0000000,0x00000000f8480000,0x00000000f8480000)
  from space 62976K, 17% used [0x00000000fc180000,0x00000000fcc88548,0x00000000fff00000)
  to   space 62464K, 0% used [0x00000000f8480000,0x00000000f8480000,0x00000000fc180000)
 ParOldGen       total 177664K, used 152712K [0x00000000a0000000, 0x00000000aad80000, 0x00000000e0000000)
  object space 177664K, 85% used [0x00000000a0000000,0x00000000a95221a8,0x00000000aad80000)
 Metaspace       used 126417K, capacity 131762K, committed 131968K, reserved 1165312K
  class space    used 15413K, capacity 16451K, committed 16512K, reserved 1048576K
Event: 1598.590 GC heap after
Heap after GC invocations=50 (full 5):
 PSYoungGen      total 418304K, used 20128K [0x00000000e0000000, 0x00000000ffa80000, 0x0000000100000000)
  eden space 397824K, 0% used [0x00000000e0000000,0x00000000e0000000,0x00000000f8480000)
  from space 20480K, 98% used [0x00000000f8480000,0x00000000f9828318,0x00000000f9880000)
  to   space 59904K, 0% used [0x00000000fc000000,0x00000000fc000000,0x00000000ffa80000)
 ParOldGen       total 177664K, used 153313K [0x00000000a0000000, 0x00000000aad80000, 0x00000000e0000000)
  object space 177664K, 86% used [0x00000000a0000000,0x00000000a95b85a8,0x00000000aad80000)
 Metaspace       used 126417K, capacity 131762K, committed 131968K, reserved 1165312K
  class space    used 15413K, capacity 16451K, committed 16512K, reserved 1048576K
}
Event: 1599.623 GC heap before
{Heap before GC invocations=51 (full 5):
 PSYoungGen      total 418304K, used 417952K [0x00000000e0000000, 0x00000000ffa80000, 0x0000000100000000)
  eden space 397824K, 100% used [0x00000000e0000000,0x00000000f8480000,0x00000000f8480000)
  from space 20480K, 98% used [0x00000000f8480000,0x00000000f9828318,0x00000000f9880000)
  to   space 59904K, 0% used [0x00000000fc000000,0x00000000fc000000,0x00000000ffa80000)
 ParOldGen       total 177664K, used 153313K [0x00000000a0000000, 0x00000000aad80000, 0x00000000e0000000)
  object space 177664K, 86% used [0x00000000a0000000,0x00000000a95b85a8,0x00000000aad80000)
 Metaspace       used 126440K, capacity 131766K, committed 131968K, reserved 1165312K
  class space    used 15414K, capacity 16451K, committed 16512K, reserved 1048576K
Event: 1599.654 GC heap after
Heap after GC invocations=51 (full 5):
 PSYoungGen      total 460800K, used 18846K [0x00000000e0000000, 0x0000000100000000, 0x0000000100000000)
  eden space 400896K, 0% used [0x00000000e0000000,0x00000000e0000000,0x00000000f8780000)
  from space 59904K, 31% used [0x00000000fc000000,0x00000000fd267868,0x00000000ffa80000)
  to   space 57856K, 0% used [0x00000000f8780000,0x00000000f8780000,0x00000000fc000000)
 ParOldGen       total 177664K, used 159350K [0x00000000a0000000, 0x00000000aad80000, 0x00000000e0000000)
  object space 177664K, 89% used [0x00000000a0000000,0x00000000a9b9da50,0x00000000aad80000)
 Metaspace       used 126440K, capacity 131766K, committed 131968K, reserved 1165312K
  class space    used 15414K, capacity 16451K, committed 16512K, reserved 1048576K
}
Event: 1600.484 GC heap before
{Heap before GC invocations=52 (full 5):
 PSYoungGen      total 460800K, used 419742K [0x00000000e0000000, 0x0000000100000000, 0x0000000100000000)
  eden space 400896K, 100% used [0x00000000e0000000,0x00000000f8780000,0x00000000f8780000)
  from space 59904K, 31% used [0x00000000fc000000,0x00000000fd267868,0x00000000ffa80000)
  to   space 57856K, 0% used [0x00000000f8780000,0x00000000f8780000,0x00000000fc000000)
 ParOldGen       total 177664K, used 159350K [0x00000000a0000000, 0x00000000aad80000, 0x00000000e0000000)
  object space 177664K, 89% used [0x00000000a0000000,0x00000000a9b9da50,0x00000000aad80000)
 Metaspace       used 126452K, capacity 131766K, committed 131968K, reserved 1165312K
  class space    used 15414K, capacity 16451K, committed 16512K, reserved 1048576K
Event: 1600.516 GC heap after
Heap after GC invocations=52 (full 5):
 PSYoungGen      total 458752K, used 5529K [0x00000000e0000000, 0x00000000fff00000, 0x0000000100000000)
  eden space 400896K, 0% used [0x00000000e0000000,0x00000000e0000000,0x00000000f8780000)
  from space 57856K, 9% used [0x00000000f8780000,0x00000000f8ce6528,0x00000000fc000000)
  to   space 58368K, 0% used [0x00000000fc600000,0x00000000fc600000,0x00000000fff00000)
 ParOldGen       total 177664K, used 175630K [0x00000000a0000000, 0x00000000aad80000, 0x00000000e0000000)
  object space 177664K, 98% used [0x00000000a0000000,0x00000000aab839a8,0x00000000aad80000)
 Metaspace       used 126452K, capacity 131766K, committed 131968K, reserved 1165312K
  class space    used 15414K, capacity 16451K, committed 16512K, reserved 1048576K
}
Event: 1600.517 GC heap before
{Heap before GC invocations=53 (full 6):
 PSYoungGen      total 458752K, used 5529K [0x00000000e0000000, 0x00000000fff00000, 0x0000000100000000)
  eden space 400896K, 0% used [0x00000000e0000000,0x00000000e0000000,0x00000000f8780000)
  from space 57856K, 9% used [0x00000000f8780000,0x00000000f8ce6528,0x00000000fc000000)
  to   space 58368K, 0% used [0x00000000fc600000,0x00000000fc600000,0x00000000fff00000)
 ParOldGen       total 177664K, used 175630K [0x00000000a0000000, 0x00000000aad80000, 0x00000000e0000000)
  object space 177664K, 98% used [0x00000000a0000000,0x00000000aab839a8,0x00000000aad80000)
 Metaspace       used 126452K, capacity 131766K, committed 131968K, reserved 1165312K
  class space    used 15414K, capacity 16451K, committed 16512K, reserved 1048576K
Event: 1627.376 GC heap after
Heap after GC invocations=53 (full 6):
 PSYoungGen      total 458752K, used 0K [0x00000000e0000000, 0x00000000fff00000, 0x0000000100000000)
  eden space 400896K, 0% used [0x00000000e0000000,0x00000000e0000000,0x00000000f8780000)
  from space 57856K, 0% used [0x00000000f8780000,0x00000000f8780000,0x00000000fc000000)
  to   space 58368K, 0% used [0x00000000fc600000,0x00000000fc600000,0x00000000fff00000)
 ParOldGen       total 211968K, used 124359K [0x00000000a0000000, 0x00000000acf00000, 0x00000000e0000000)
  object space 211968K, 58% used [0x00000000a0000000,0x00000000a7971d50,0x00000000acf00000)
 Metaspace       used 124960K, capacity 129662K, committed 131968K, reserved 1165312K
  class space    used 15166K, capacity 16074K, committed 16512K, reserved 1048576K
}

Deoptimization events (10 events):
Event: 1599.079 Thread 0x000000005ad24800 Uncommon trap: reason=unstable_if action=reinterpret pc=0x0000000007c773d4 method=com.android.tools.r8.ir.optimize.BasicBlockInstructionsEquivalence.hasIdenticalInstructions(Lcom/android/tools/r8/ir/code/BasicBlock;Lcom/android/tools/r8/ir/code/BasicBlock
Event: 1599.079 Thread 0x000000005ad24800 Uncommon trap: reason=unstable_if action=reinterpret pc=0x0000000007c906a4 method=com.android.tools.r8.ir.optimize.BasicBlockInstructionsEquivalence.hasIdenticalInstructions(Lcom/android/tools/r8/ir/code/BasicBlock;Lcom/android/tools/r8/ir/code/BasicBlock
Event: 1599.359 Thread 0x0000000058a1d000 Uncommon trap: reason=predicate action=maybe_recompile pc=0x0000000007488010 method=java.util.TimSort.mergeHi(IIII)V @ 191
Event: 1599.530 Thread 0x000000005ad24800 Uncommon trap: reason=unstable_if action=reinterpret pc=0x000000000743596c method=com.android.tools.r8.ir.optimize.CodeRewriter.simplifyIf(Lcom/android/tools/r8/ir/code/IRCode;)V @ 120
Event: 1599.721 Thread 0x000000005ad24800 Uncommon trap: reason=unstable_if action=reinterpret pc=0x0000000007dd26fc method=com.android.tools.r8.ir.optimize.CodeRewriter.collapseIfTrueTarget(Lcom/android/tools/r8/ir/code/BasicBlock;)V @ 108
Event: 1599.721 Thread 0x000000005ad24800 Uncommon trap: reason=unstable_if action=reinterpret pc=0x0000000007cffa2c method=com.android.tools.r8.ir.optimize.CodeRewriter.unlinkTrivialGotoBlock(Lcom/android/tools/r8/ir/code/BasicBlock;Lcom/android/tools/r8/ir/code/BasicBlock;)V @ 141
Event: 1599.956 Thread 0x000000005ad24800 Uncommon trap: reason=unstable_if action=reinterpret pc=0x00000000068f8fac method=com.android.tools.r8.ir.analysis.type.NullLatticeElement.isDefinitelyNotNull()Z @ 4
Event: 1599.988 Thread 0x000000005ad24800 Uncommon trap: reason=unstable_if action=reinterpret pc=0x0000000007e0a108 method=com.android.tools.r8.ir.optimize.CodeRewriter.rewriteLongCompareAndRequireNonNull(Lcom/android/tools/r8/ir/code/IRCode;Lcom/android/tools/r8/utils/InternalOptions;)V @ 159
Event: 1600.061 Thread 0x000000005ad24800 Uncommon trap: reason=class_check action=maybe_recompile pc=0x0000000007cc4270 method=com.android.tools.r8.ir.optimize.DeadCodeRemover.updateWorklist(Ljava/util/Queue;Lcom/android/tools/r8/ir/code/Instruction;)V @ 62
Event: 1627.625 Thread 0x000000005ad24800 Uncommon trap: reason=class_check action=maybe_recompile pc=0x0000000007cc4270 method=com.android.tools.r8.ir.optimize.DeadCodeRemover.updateWorklist(Ljava/util/Queue;Lcom/android/tools/r8/ir/code/Instruction;)V @ 62

Classes redefined (0 events):
No events

Internal exceptions (10 events):
Event: 1598.210 Thread 0x0000000058a1d000 Exception <a 'sun/nio/fs/WindowsException'> (0x00000000ea7584a0) thrown at [D:\src\AOSP-openjdk-cygwin\jdk8u\hotspot\src\share\vm\prims\jni.cpp, line 709]
Event: 1598.608 Thread 0x000000005ad24800 Exception <a 'sun/nio/fs/WindowsException'> (0x00000000e0976570) thrown at [D:\src\AOSP-openjdk-cygwin\jdk8u\hotspot\src\share\vm\prims\jni.cpp, line 709]
Event: 1598.609 Thread 0x000000005ad24800 Exception <a 'sun/nio/fs/WindowsException'> (0x00000000e0976d98) thrown at [D:\src\AOSP-openjdk-cygwin\jdk8u\hotspot\src\share\vm\prims\jni.cpp, line 709]
Event: 1598.609 Thread 0x000000005ad24800 Exception <a 'sun/nio/fs/WindowsException'> (0x00000000e0978208) thrown at [D:\src\AOSP-openjdk-cygwin\jdk8u\hotspot\src\share\vm\prims\jni.cpp, line 709]
Event: 1598.609 Thread 0x000000005ad24800 Exception <a 'sun/nio/fs/WindowsException'> (0x00000000e0978fe0) thrown at [D:\src\AOSP-openjdk-cygwin\jdk8u\hotspot\src\share\vm\prims\jni.cpp, line 709]
Event: 1598.923 Thread 0x000000005ad24800 Exception <a 'sun/nio/fs/WindowsException'> (0x00000000e5b82058) thrown at [D:\src\AOSP-openjdk-cygwin\jdk8u\hotspot\src\share\vm\prims\jni.cpp, line 709]
Event: 1599.365 Thread 0x0000000058a1d000 Exception <a 'sun/nio/fs/WindowsException'> (0x00000000f0724830) thrown at [D:\src\AOSP-openjdk-cygwin\jdk8u\hotspot\src\share\vm\prims\jni.cpp, line 709]
Event: 1600.477 Thread 0x0000000058a1d000 Exception <a 'sun/nio/fs/WindowsException'> (0x00000000e193f558) thrown at [D:\src\AOSP-openjdk-cygwin\jdk8u\hotspot\src\share\vm\prims\jni.cpp, line 709]
Event: 1600.481 Thread 0x0000000058a1d000 Exception <a 'sun/nio/fs/WindowsException'> (0x00000000e19ce988) thrown at [D:\src\AOSP-openjdk-cygwin\jdk8u\hotspot\src\share\vm\prims\jni.cpp, line 709]
Event: 1627.683 Thread 0x000000005ad23800 Exception <a 'sun/nio/fs/WindowsException'> (0x00000000e74453d0) thrown at [D:\src\AOSP-openjdk-cygwin\jdk8u\hotspot\src\share\vm\prims\jni.cpp, line 709]

Events (10 events):
Event: 1627.696 Thread 0x0000000057d12000 flushing nmethod 0x00000000073ddf10
Event: 1627.696 Thread 0x0000000057d12000 flushing nmethod 0x00000000073e7710
Event: 1627.696 Thread 0x0000000057d12000 flushing nmethod 0x00000000073e8f90
Event: 1627.696 Thread 0x0000000057d12000 flushing nmethod 0x00000000073e9550
Event: 1627.696 Thread 0x0000000057d12000 flushing nmethod 0x00000000073ec1d0
Event: 1627.696 Thread 0x0000000057d12000 flushing nmethod 0x00000000073edc90
Event: 1627.696 Thread 0x0000000057d12000 flushing nmethod 0x00000000073f7210
Event: 1627.696 Thread 0x0000000057d12000 flushing nmethod 0x00000000073f8c90
Event: 1627.700 Thread 0x000000005ad24800 DEOPT PACKING pc=0x00000000074aeab8 sp=0x000000006934be60
Event: 1627.700 Thread 0x000000005ad24800 DEOPT UNPACKING pc=0x00000000029975d0 sp=0x000000006934bd28 mode 0


Dynamic libraries:
0x000000013fcd0000 - 0x000000013fd01000 	E:\Android studio software\jre\bin\java.exe
0x0000000077a10000 - 0x0000000077bb9000 	C:\Windows\SYSTEM32\ntdll.dll
0x00000000778f0000 - 0x0000000077a0f000 	C:\Windows\system32\kernel32.dll
0x000007fefdba0000 - 0x000007fefdc0b000 	C:\Windows\system32\KERNELBASE.dll
0x000007fefe220000 - 0x000007fefe2fb000 	C:\Windows\system32\ADVAPI32.dll
0x000007fefe510000 - 0x000007fefe5af000 	C:\Windows\system32\msvcrt.dll
0x000007fefe730000 - 0x000007fefe74f000 	C:\Windows\SYSTEM32\sechost.dll
0x000007fefe750000 - 0x000007fefe87d000 	C:\Windows\system32\RPCRT4.dll
0x00000000777f0000 - 0x00000000778ea000 	C:\Windows\system32\USER32.dll
0x000007fefdd30000 - 0x000007fefdd97000 	C:\Windows\system32\GDI32.dll
0x000007fefe080000 - 0x000007fefe08e000 	C:\Windows\system32\LPK.dll
0x000007feff810000 - 0x000007feff8d9000 	C:\Windows\system32\USP10.dll
0x000007fefc1a0000 - 0x000007fefc394000 	C:\Windows\WinSxS\amd64_microsoft.windows.common-controls_6595b64144ccf1df_6.0.7601.17514_none_fa396087175ac9ac\COMCTL32.dll
0x000007fefe000000 - 0x000007fefe071000 	C:\Windows\system32\SHLWAPI.dll
0x000007feff8e0000 - 0x000007feff90e000 	C:\Windows\system32\IMM32.DLL
0x000007feff9b0000 - 0x000007feffab9000 	C:\Windows\system32\MSCTF.dll
0x0000000068060000 - 0x0000000068132000 	E:\Android studio software\jre\jre\bin\msvcr100.dll
0x0000000069880000 - 0x000000006a0c1000 	E:\Android studio software\jre\jre\bin\server\jvm.dll
0x000007fef4570000 - 0x000007fef4579000 	C:\Windows\system32\WSOCK32.dll
0x000007fefe5b0000 - 0x000007fefe5fd000 	C:\Windows\system32\WS2_32.dll
0x000007fefe090000 - 0x000007fefe098000 	C:\Windows\system32\NSI.dll
0x000007fefa6a0000 - 0x000007fefa6db000 	C:\Windows\system32\WINMM.dll
0x000007fefc7d0000 - 0x000007fefc7dc000 	C:\Windows\system32\VERSION.dll
0x0000000077bd0000 - 0x0000000077bd7000 	C:\Windows\system32\PSAPI.DLL
0x000007fef8b20000 - 0x000007fef8b2f000 	E:\Android studio software\jre\jre\bin\verify.dll
0x000007feea6f0000 - 0x000007feea719000 	E:\Android studio software\jre\jre\bin\java.dll
0x000007feea870000 - 0x000007feea886000 	E:\Android studio software\jre\jre\bin\zip.dll
0x000007fefea80000 - 0x000007feff808000 	C:\Windows\system32\SHELL32.dll
0x000007fefe300000 - 0x000007fefe503000 	C:\Windows\system32\ole32.dll
0x000007fefd960000 - 0x000007fefd96f000 	C:\Windows\system32\profapi.dll
0x000007feea6d0000 - 0x000007feea6ea000 	E:\Android studio software\jre\jre\bin\net.dll
0x000007fefd1d0000 - 0x000007fefd225000 	C:\Windows\system32\mswsock.dll
0x000007fefd1c0000 - 0x000007fefd1c7000 	C:\Windows\System32\wship6.dll
0x000007fef86b0000 - 0x000007fef86c1000 	E:\Android studio software\jre\jre\bin\nio.dll
0x000007fefafb0000 - 0x000007fefafce000 	C:\Users\patel\.gradle\native\25\windows-amd64\native-platform.dll
0x000007fef8a90000 - 0x000007fef8a9d000 	E:\Android studio software\jre\jre\bin\management.dll
0x000007fefd230000 - 0x000007fefd247000 	C:\Windows\system32\CRYPTSP.dll
0x000007fefcef0000 - 0x000007fefcf37000 	C:\Windows\system32\rsaenh.dll
0x000007fefccb0000 - 0x000007fefccce000 	C:\Windows\system32\USERENV.dll
0x000007fefd890000 - 0x000007fefd89f000 	C:\Windows\system32\CRYPTBASE.dll
0x000007fefb970000 - 0x000007fefb997000 	C:\Windows\system32\IPHLPAPI.DLL
0x000007fefb960000 - 0x000007fefb96b000 	C:\Windows\system32\WINNSI.DLL
0x000007fefb570000 - 0x000007fefb581000 	C:\Windows\system32\dhcpcsvc6.DLL
0x000007fefb550000 - 0x000007fefb568000 	C:\Windows\system32\dhcpcsvc.DLL
0x000007fef4150000 - 0x000007fef4174000 	E:\Android studio software\jre\jre\bin\sunec.dll
0x000007fefcb90000 - 0x000007fefcb97000 	C:\Windows\System32\wshtcpip.dll
0x000007fefd010000 - 0x000007fefd06b000 	C:\Windows\system32\DNSAPI.dll
0x000007fefacb0000 - 0x000007fefacb8000 	C:\Windows\system32\rasadhlp.dll
0x000007fefb720000 - 0x000007fefb773000 	C:\Windows\System32\fwpuclnt.dll
0x000007fefafd0000 - 0x000007fefafdb000 	E:\Android studio software\jre\jre\bin\sunmscapi.dll
0x000007fefda30000 - 0x000007fefdb97000 	C:\Windows\system32\CRYPT32.dll
0x000007fefda00000 - 0x000007fefda0f000 	C:\Windows\system32\MSASN1.dll
0x000007fef48f0000 - 0x000007fef4a88000 	E:\Android studio software\jre\jre\bin\awt.dll
0x000007fefe140000 - 0x000007fefe217000 	C:\Windows\system32\OLEAUT32.dll
0x000007fef4800000 - 0x000007fef48e2000 	C:\Windows\system32\d2d1.dll
0x000007fefb2e0000 - 0x000007fefb2f8000 	C:\Windows\system32\DWMAPI.DLL
0x000007fefd830000 - 0x000007fefd887000 	C:\Windows\system32\apphelp.dll

VM Arguments:
jvm_args: -Xmx1536m -Dfile.encoding=windows-1252 -Duser.country=US -Duser.language=en -Duser.variant 
java_command: org.gradle.launcher.daemon.bootstrap.GradleDaemon 5.1.1
java_class_path (initial): C:\Users\patel\.gradle\wrapper\dists\gradle-5.1.1-all\97z1ksx6lirer3kbvdnh7jtjg\gradle-5.1.1\lib\gradle-launcher-5.1.1.jar
Launcher Type: SUN_STANDARD

Environment Variables:
PATH=C:\Gradle\gradle-7.0. 2\bin
USERNAME=patel
OS=Windows_NT
PROCESSOR_IDENTIFIER=Intel64 Family 6 Model 42 Stepping 7, GenuineIntel



---------------  S Y S T E M  ---------------

OS: Windows 7 , 64 bit Build 7601 (6.1.7601.17514)

CPU:total 4 (initial active 4) (2 cores per cpu, 2 threads per core) family 6 model 42 stepping 7, cmov, cx8, fxsr, mmx, sse, sse2, sse3, ssse3, sse4.1, sse4.2, popcnt, avx, clmul, ht, tsc, tscinvbit

Memory: 4k page, physical 4100552k(278240k free), swap 7191560k(4964k free)

vm_info: OpenJDK 64-Bit Server VM (25.152-b01) for windows-amd64 JRE (1.8.0_152-release-1343-b01), built by "builder" with MS VC++ 10.0 (VS2010)

time: Tue Jun 01 19:50:39 2021
elapsed time: 1627 seconds (0d 0h 27m 7s)

